Determining if the pthread_create exist failed with the following output:
Change Dir: /media/saul/Datos/UA/TERCERO/2_CUATRIMESTRE/SP/Practica/p2/build/CMakeFiles/CMakeTmp

Run Build Command:"/usr/bin/make" "cmTC_6ce66/fast"
/usr/bin/make -f CMakeFiles/cmTC_6ce66.dir/build.make CMakeFiles/cmTC_6ce66.dir/build
make[1]: se entra en el directorio '/media/saul/Datos/UA/TERCERO/2_CUATRIMESTRE/SP/Practica/p2/build/CMakeFiles/CMakeTmp'
Building C object CMakeFiles/cmTC_6ce66.dir/CheckSymbolExists.c.o
/usr/bin/cc     -o CMakeFiles/cmTC_6ce66.dir/CheckSymbolExists.c.o   -c /media/saul/Datos/UA/TERCERO/2_CUATRIMESTRE/SP/Practica/p2/build/CMakeFiles/CMakeTmp/CheckSymbolExists.c
Linking C executable cmTC_6ce66
/usr/bin/cmake -E cmake_link_script CMakeFiles/cmTC_6ce66.dir/link.txt --verbose=1
/usr/bin/cc       CMakeFiles/cmTC_6ce66.dir/CheckSymbolExists.c.o  -o cmTC_6ce66 -rdynamic 
CMakeFiles/cmTC_6ce66.dir/CheckSymbolExists.c.o: En la funci√≥n `main':
CheckSymbolExists.c:(.text+0x16): referencia a `pthread_create' sin definir
collect2: error: ld returned 1 exit status
CMakeFiles/cmTC_6ce66.dir/build.make:97: fallo en las instrucciones para el objetivo 'cmTC_6ce66'
make[1]: *** [cmTC_6ce66] Error 1
make[1]: se sale del directorio '/media/saul/Datos/UA/TERCERO/2_CUATRIMESTRE/SP/Practica/p2/build/CMakeFiles/CMakeTmp'
Makefile:126: fallo en las instrucciones para el objetivo 'cmTC_6ce66/fast'
make: *** [cmTC_6ce66/fast] Error 2

File /media/saul/Datos/UA/TERCERO/2_CUATRIMESTRE/SP/Practica/p2/build/CMakeFiles/CMakeTmp/CheckSymbolExists.c:
/* */
#include <pthread.h>

int main(int argc, char** argv)
{
  (void)argv;
#ifndef pthread_create
  return ((int*)(&pthread_create))[argc];
#else
  (void)argc;
  return 0;
#endif
}

Determining if the function pthread_create exists in the pthreads failed with the following output:
Change Dir: /media/saul/Datos/UA/TERCERO/2_CUATRIMESTRE/SP/Practica/p2/build/CMakeFiles/CMakeTmp

Run Build Command:"/usr/bin/make" "cmTC_224c9/fast"
/usr/bin/make -f CMakeFiles/cmTC_224c9.dir/build.make CMakeFiles/cmTC_224c9.dir/build
make[1]: se entra en el directorio '/media/saul/Datos/UA/TERCERO/2_CUATRIMESTRE/SP/Practica/p2/build/CMakeFiles/CMakeTmp'
Building C object CMakeFiles/cmTC_224c9.dir/CheckFunctionExists.c.o
/usr/bin/cc    -DCHECK_FUNCTION_EXISTS=pthread_create   -o CMakeFiles/cmTC_224c9.dir/CheckFunctionExists.c.o   -c /usr/share/cmake-3.5/Modules/CheckFunctionExists.c
Linking C executable cmTC_224c9
/usr/bin/cmake -E cmake_link_script CMakeFiles/cmTC_224c9.dir/link.txt --verbose=1
/usr/bin/cc   -DCHECK_FUNCTION_EXISTS=pthread_create    CMakeFiles/cmTC_224c9.dir/CheckFunctionExists.c.o  -o cmTC_224c9 -rdynamic -lpthreads 
/usr/bin/ld: no se puede encontrar -lpthreads
collect2: error: ld returned 1 exit status
CMakeFiles/cmTC_224c9.dir/build.make:97: fallo en las instrucciones para el objetivo 'cmTC_224c9'
make[1]: *** [cmTC_224c9] Error 1
make[1]: se sale del directorio '/media/saul/Datos/UA/TERCERO/2_CUATRIMESTRE/SP/Practica/p2/build/CMakeFiles/CMakeTmp'
Makefile:126: fallo en las instrucciones para el objetivo 'cmTC_224c9/fast'
make: *** [cmTC_224c9/fast] Error 2


